TN:
SF:/home/vitor/github-pr-reports/src/githubClient.ts
FN:2,(anonymous_0)
FN:7,(anonymous_1)
FNF:2
FNH:0
FNDA:0,(anonymous_0)
FNDA:0,(anonymous_1)
DA:2,0
DA:3,0
DA:5,0
DA:6,0
DA:8,0
DA:13,0
LF:6
LH:0
BRDA:2,0,0,0
BRDA:2,0,1,0
BRDA:2,0,2,0
BRDA:3,1,0,0
BRDA:3,1,1,0
BRDA:3,2,0,0
BRDA:3,2,1,0
BRF:7
BRH:0
end_of_record
TN:
SF:/home/vitor/github-pr-reports/src/githubEnums.js
FNF:0
FNH:0
DA:2,0
DA:7,0
LF:2
LH:0
BRF:0
BRH:0
end_of_record
TN:
SF:/home/vitor/github-pr-reports/src/githubTokenService.js
FN:17,getToken
FN:25,(anonymous_1)
FN:27,(anonymous_2)
FN:35,(anonymous_3)
FN:37,startTokenServer
FN:39,(anonymous_5)
FN:47,(anonymous_6)
FN:50,(anonymous_7)
FNF:8
FNH:0
FNDA:0,getToken
FNDA:0,(anonymous_1)
FNDA:0,(anonymous_2)
FNDA:0,(anonymous_3)
FNDA:0,startTokenServer
FNDA:0,(anonymous_5)
FNDA:0,(anonymous_6)
FNDA:0,(anonymous_7)
DA:2,0
DA:3,0
DA:4,0
DA:5,0
DA:6,0
DA:7,0
DA:8,0
DA:9,0
DA:18,0
DA:19,0
DA:21,0
DA:22,0
DA:25,0
DA:26,0
DA:27,0
DA:28,0
DA:29,0
DA:31,0
DA:34,0
DA:35,0
DA:38,0
DA:39,0
DA:40,0
DA:41,0
DA:42,0
DA:43,0
DA:45,0
DA:46,0
DA:47,0
DA:48,0
DA:50,0
DA:51,0
DA:52,0
DA:53,0
DA:55,0
DA:57,0
LF:36
LH:0
BRDA:18,0,0,0
BRDA:18,0,1,0
BRDA:21,1,0,0
BRDA:21,1,1,0
BRDA:21,2,0,0
BRDA:21,2,1,0
BRDA:26,3,0,0
BRDA:26,3,1,0
BRDA:28,4,0,0
BRDA:28,4,1,0
BRDA:40,5,0,0
BRDA:40,5,1,0
BRDA:42,6,0,0
BRDA:42,6,1,0
BRF:14
BRH:0
end_of_record
TN:
SF:/home/vitor/github-pr-reports/src/index.js
FN:11,(anonymous_0)
FN:25,(anonymous_1)
FN:29,(anonymous_2)
FN:37,generateReports
FN:44,(anonymous_4)
FN:53,generateReport
FN:56,(anonymous_6)
FNF:7
FNH:0
FNDA:0,(anonymous_0)
FNDA:0,(anonymous_1)
FNDA:0,(anonymous_2)
FNDA:0,generateReports
FNDA:0,(anonymous_4)
FNDA:0,generateReport
FNDA:0,(anonymous_6)
DA:2,0
DA:3,0
DA:4,0
DA:5,0
DA:6,0
DA:7,0
DA:8,0
DA:9,0
DA:10,0
DA:11,0
DA:12,0
DA:13,0
DA:15,0
DA:26,0
DA:27,0
DA:29,0
DA:33,0
DA:34,0
DA:35,0
DA:38,0
DA:44,0
DA:45,0
DA:46,0
DA:47,0
DA:50,0
DA:54,0
DA:56,0
LF:27
LH:0
BRDA:9,0,0,0
BRDA:9,0,1,0
BRDA:10,1,0,0
BRDA:10,1,1,0
BRDA:12,2,0,0
BRDA:12,2,1,0
BRDA:47,3,0,0
BRDA:47,3,1,0
BRDA:47,3,2,0
BRF:9
BRH:0
end_of_record
TN:
SF:/home/vitor/github-pr-reports/src/logger.ts
FN:2,(anonymous_0)
FNF:1
FNH:0
FNDA:0,(anonymous_0)
DA:2,0
DA:3,0
DA:5,0
DA:6,0
DA:7,0
DA:16,0
LF:6
LH:0
BRDA:2,0,0,0
BRDA:2,0,1,0
BRDA:2,0,2,0
BRDA:3,1,0,0
BRDA:3,1,1,0
BRDA:3,2,0,0
BRDA:3,2,1,0
BRDA:11,3,0,0
BRDA:11,3,1,0
BRF:9
BRH:0
end_of_record
TN:
SF:/home/vitor/github-pr-reports/src/pullRequests/PullRequestEvent.ts
FNF:0
FNH:0
DA:2,0
LF:1
LH:0
BRF:0
BRH:0
end_of_record
TN:
SF:/home/vitor/github-pr-reports/src/pullRequests/getPullRequestsData.ts
FN:2,(anonymous_0)
FN:13,getPullRequestsData
FNF:2
FNH:0
FNDA:0,(anonymous_0)
FNDA:0,getPullRequestsData
DA:2,0
DA:3,0
DA:5,0
DA:6,0
DA:7,0
DA:8,0
DA:9,0
DA:14,0
DA:15,0
DA:16,0
DA:17,0
DA:28,0
DA:29,0
DA:38,0
LF:14
LH:0
BRDA:2,0,0,0
BRDA:2,0,1,0
BRDA:2,0,2,0
BRDA:3,1,0,0
BRDA:3,1,1,0
BRDA:3,2,0,0
BRDA:3,2,1,0
BRDA:24,3,0,0
BRDA:24,3,1,0
BRDA:25,4,0,0
BRDA:25,4,1,0
BRF:11
BRH:0
end_of_record
TN:
SF:/home/vitor/github-pr-reports/src/pullRequests/getPullRequestsDataPage.ts
FN:2,(anonymous_0)
FN:12,getPullRequestsDataPage
FN:37,filterPullRequestsByDate
FN:38,(anonymous_3)
FN:47,parsePullRequestsResponse
FN:57,(anonymous_5)
FN:58,(anonymous_6)
FN:69,parsePullRequest
FN:71,(anonymous_8)
FN:73,getMergeActionDetails
FN:74,(anonymous_10)
FN:80,getTotalReviews
FN:81,(anonymous_12)
FNF:13
FNH:0
FNDA:0,(anonymous_0)
FNDA:0,getPullRequestsDataPage
FNDA:0,filterPullRequestsByDate
FNDA:0,(anonymous_3)
FNDA:0,parsePullRequestsResponse
FNDA:0,(anonymous_5)
FNDA:0,(anonymous_6)
FNDA:0,parsePullRequest
FNDA:0,(anonymous_8)
FNDA:0,getMergeActionDetails
FNDA:0,(anonymous_10)
FNDA:0,getTotalReviews
FNDA:0,(anonymous_12)
DA:2,0
DA:3,0
DA:5,0
DA:6,0
DA:7,0
DA:8,0
DA:9,0
DA:10,0
DA:11,0
DA:13,0
DA:14,0
DA:15,0
DA:16,0
DA:17,0
DA:18,0
DA:19,0
DA:20,0
DA:21,0
DA:24,0
DA:28,0
DA:29,0
DA:30,0
DA:32,0
DA:33,0
DA:36,0
DA:38,0
DA:39,0
DA:42,0
DA:48,0
DA:52,0
DA:54,0
DA:55,0
DA:56,0
DA:57,0
DA:58,0
DA:59,0
DA:60,0
DA:62,0
DA:70,0
DA:71,0
DA:74,0
DA:75,0
DA:81,0
LF:43
LH:0
BRDA:2,0,0,0
BRDA:2,0,1,0
BRDA:2,0,2,0
BRDA:3,1,0,0
BRDA:3,1,1,0
BRDA:3,2,0,0
BRDA:3,2,1,0
BRDA:13,3,0,0
BRDA:20,4,0,0
BRDA:20,4,1,0
BRDA:28,5,0,0
BRDA:28,5,1,0
BRDA:39,6,0,0
BRDA:39,6,1,0
BRDA:39,6,2,0
BRDA:44,7,0,0
BRDA:44,7,1,0
BRDA:48,8,0,0
BRDA:48,8,1,0
BRDA:48,9,0,0
BRDA:48,9,1,0
BRDA:48,9,2,0
BRDA:48,9,3,0
BRDA:59,10,0,0
BRDA:59,10,1,0
BRDA:76,11,0,0
BRDA:76,11,1,0
BRDA:76,11,2,0
BRDA:77,12,0,0
BRDA:77,12,1,0
BRDA:77,12,2,0
BRF:31
BRH:0
end_of_record
TN:
SF:/home/vitor/github-pr-reports/src/pullRequests/getPullRequestsQuery.ts
FN:1,getPullRequestsQuery
FNF:1
FNH:1
FNDA:4,getPullRequestsQuery
DA:1,1
DA:7,4
LF:2
LH:2
BRDA:11,0,0,2
BRDA:11,0,1,2
BRF:2
BRH:2
end_of_record
TN:
SF:/home/vitor/github-pr-reports/src/pullRequests/index.ts
FN:2,__export
FNF:1
FNH:0
FNDA:0,__export
DA:3,0
DA:5,0
DA:6,0
LF:3
LH:0
BRDA:3,0,0,0
BRDA:3,0,1,0
BRF:2
BRH:0
end_of_record
TN:
SF:/home/vitor/github-pr-reports/src/pullRequests/parsePullRequestReviews.ts
FN:2,(anonymous_0)
FN:13,parsePullRequestReviews
FN:14,(anonymous_2)
FN:20,(anonymous_3)
FN:21,(anonymous_4)
FN:30,addReviewRequestEvent
FN:42,addReviewDoneEvent
FNF:7
FNH:0
FNDA:0,(anonymous_0)
FNDA:0,parsePullRequestReviews
FNDA:0,(anonymous_2)
FNDA:0,(anonymous_3)
FNDA:0,(anonymous_4)
FNDA:0,addReviewRequestEvent
FNDA:0,addReviewDoneEvent
DA:2,0
DA:3,0
DA:5,0
DA:6,0
DA:7,0
DA:8,0
DA:9,0
DA:14,0
DA:15,0
DA:19,0
DA:20,0
DA:22,0
DA:24,0
DA:26,0
DA:29,0
DA:31,0
DA:32,0
DA:33,0
DA:34,0
DA:35,0
DA:37,0
DA:39,0
DA:41,0
DA:43,0
DA:44,0
DA:47,0
DA:48,0
DA:49,0
DA:50,0
DA:53,0
DA:55,0
DA:58,0
DA:60,0
LF:33
LH:0
BRDA:2,0,0,0
BRDA:2,0,1,0
BRDA:2,0,2,0
BRDA:3,1,0,0
BRDA:3,1,1,0
BRDA:3,2,0,0
BRDA:3,2,1,0
BRDA:15,3,0,0
BRDA:15,3,1,0
BRDA:22,4,0,0
BRDA:22,4,1,0
BRDA:22,5,0,0
BRDA:22,5,1,0
BRDA:22,5,2,0
BRDA:31,6,0,0
BRDA:31,6,1,0
BRDA:33,7,0,0
BRDA:33,7,1,0
BRDA:34,8,0,0
BRDA:34,8,1,0
BRDA:43,9,0,0
BRDA:43,9,1,0
BRDA:44,10,0,0
BRDA:44,10,1,0
BRDA:44,11,0,0
BRDA:44,11,1,0
BRDA:44,11,2,0
BRDA:48,12,0,0
BRDA:48,12,1,0
BRDA:49,13,0,0
BRDA:49,13,1,0
BRDA:51,14,0,0
BRDA:51,14,1,0
BRDA:51,14,2,0
BRF:34
BRH:0
end_of_record
TN:
SF:/home/vitor/github-pr-reports/src/reports/data/helpers.js
FN:2,getMedian
FN:6,(anonymous_1)
FN:13,getAverage
FN:17,(anonymous_3)
FN:20,getMin
FN:24,(anonymous_5)
FN:27,getMax
FN:31,(anonymous_7)
FN:34,getStandardDeviation
FN:38,(anonymous_9)
FN:41,range
FNF:11
FNH:0
FNDA:0,getMedian
FNDA:0,(anonymous_1)
FNDA:0,getAverage
FNDA:0,(anonymous_3)
FNDA:0,getMin
FNDA:0,(anonymous_5)
FNDA:0,getMax
FNDA:0,(anonymous_7)
FNDA:0,getStandardDeviation
FNDA:0,(anonymous_9)
FNDA:0,range
DA:3,0
DA:4,0
DA:6,0
DA:7,0
DA:8,0
DA:9,0
DA:14,0
DA:15,0
DA:17,0
DA:18,0
DA:21,0
DA:22,0
DA:24,0
DA:25,0
DA:28,0
DA:29,0
DA:31,0
DA:32,0
DA:35,0
DA:36,0
DA:38,0
DA:39,0
DA:42,0
DA:44,0
LF:24
LH:0
BRDA:3,0,0,0
BRDA:3,0,1,0
BRDA:9,1,0,0
BRDA:9,1,1,0
BRDA:14,2,0,0
BRDA:14,2,1,0
BRDA:21,3,0,0
BRDA:21,3,1,0
BRDA:28,4,0,0
BRDA:28,4,1,0
BRDA:35,5,0,0
BRDA:35,5,1,0
BRF:12
BRH:0
end_of_record
TN:
SF:/home/vitor/github-pr-reports/src/reports/data/userCounts.js
FN:6,getNewUser
FN:12,groupPullRequestsByAuthor
FN:13,(anonymous_2)
FN:20,calculateStatistics
FN:21,(anonymous_4)
FN:22,(anonymous_5)
FN:25,(anonymous_6)
FN:31,generate
FN:34,(anonymous_8)
FN:34,(anonymous_9)
FN:36,(anonymous_10)
FN:37,(anonymous_11)
FNF:12
FNH:0
FNDA:0,getNewUser
FNDA:0,groupPullRequestsByAuthor
FNDA:0,(anonymous_2)
FNDA:0,calculateStatistics
FNDA:0,(anonymous_4)
FNDA:0,(anonymous_5)
FNDA:0,(anonymous_6)
FNDA:0,generate
FNDA:0,(anonymous_8)
FNDA:0,(anonymous_9)
FNDA:0,(anonymous_10)
FNDA:0,(anonymous_11)
DA:2,0
DA:3,0
DA:4,0
DA:5,0
DA:7,0
DA:13,0
DA:14,0
DA:15,0
DA:16,0
DA:17,0
DA:21,0
DA:22,0
DA:23,0
DA:25,0
DA:32,0
DA:33,0
DA:34,0
DA:35,0
DA:36,0
DA:38,0
DA:39,0
DA:41,0
DA:42,0
DA:52,0
DA:54,0
LF:25
LH:0
BRDA:14,0,0,0
BRDA:14,0,1,0
BRDA:34,1,0,0
BRDA:34,1,1,0
BRDA:38,2,0,0
BRDA:38,2,1,0
BRF:6
BRH:0
end_of_record
TN:
SF:/home/vitor/github-pr-reports/src/reports/data/userReviewTimeBuckets.js
FN:10,getConfig
FN:16,getNewUser
FN:22,groupReviewsByAuthor
FN:24,(anonymous_3)
FN:25,(anonymous_4)
FN:32,calculateStatistics
FN:34,(anonymous_6)
FN:35,(anonymous_7)
FN:36,(anonymous_8)
FN:45,(anonymous_9)
FN:55,generate
FN:59,(anonymous_11)
FN:59,(anonymous_12)
FN:61,(anonymous_13)
FN:62,(anonymous_14)
FN:66,(anonymous_15)
FN:74,(anonymous_16)
FNF:17
FNH:0
FNDA:0,getConfig
FNDA:0,getNewUser
FNDA:0,groupReviewsByAuthor
FNDA:0,(anonymous_3)
FNDA:0,(anonymous_4)
FNDA:0,calculateStatistics
FNDA:0,(anonymous_6)
FNDA:0,(anonymous_7)
FNDA:0,(anonymous_8)
FNDA:0,(anonymous_9)
FNDA:0,generate
FNDA:0,(anonymous_11)
FNDA:0,(anonymous_12)
FNDA:0,(anonymous_13)
FNDA:0,(anonymous_14)
FNDA:0,(anonymous_15)
FNDA:0,(anonymous_16)
DA:2,0
DA:3,0
DA:4,0
DA:5,0
DA:6,0
DA:11,0
DA:17,0
DA:23,0
DA:24,0
DA:26,0
DA:27,0
DA:28,0
DA:29,0
DA:33,0
DA:34,0
DA:35,0
DA:36,0
DA:37,0
DA:45,0
DA:46,0
DA:47,0
DA:49,0
DA:56,0
DA:57,0
DA:58,0
DA:59,0
DA:60,0
DA:61,0
DA:63,0
DA:64,0
DA:66,0
DA:67,0
DA:68,0
DA:74,0
DA:78,0
DA:80,0
LF:36
LH:0
BRDA:12,0,0,0
BRDA:12,0,1,0
BRDA:12,0,2,0
BRDA:13,1,0,0
BRDA:13,1,1,0
BRDA:13,1,2,0
BRDA:26,2,0,0
BRDA:26,2,1,0
BRDA:34,3,0,0
BRDA:34,3,1,0
BRDA:39,4,0,0
BRDA:39,4,1,0
BRDA:59,5,0,0
BRDA:59,5,1,0
BRDA:63,6,0,0
BRDA:63,6,1,0
BRF:16
BRH:0
end_of_record
TN:
SF:/home/vitor/github-pr-reports/src/reports/data/userTimeToMerge.js
FN:7,getNewUser
FN:13,groupPullRequestsByAuthor
FN:14,(anonymous_2)
FN:21,calculateStatistics
FN:22,(anonymous_4)
FN:23,(anonymous_5)
FN:38,generate
FN:41,(anonymous_7)
FN:41,(anonymous_8)
FN:43,(anonymous_9)
FN:44,(anonymous_10)
FN:55,(anonymous_11)
FNF:12
FNH:0
FNDA:0,getNewUser
FNDA:0,groupPullRequestsByAuthor
FNDA:0,(anonymous_2)
FNDA:0,calculateStatistics
FNDA:0,(anonymous_4)
FNDA:0,(anonymous_5)
FNDA:0,generate
FNDA:0,(anonymous_7)
FNDA:0,(anonymous_8)
FNDA:0,(anonymous_9)
FNDA:0,(anonymous_10)
FNDA:0,(anonymous_11)
DA:2,0
DA:3,0
DA:4,0
DA:5,0
DA:6,0
DA:8,0
DA:14,0
DA:15,0
DA:16,0
DA:17,0
DA:18,0
DA:22,0
DA:23,0
DA:24,0
DA:25,0
DA:26,0
DA:39,0
DA:40,0
DA:41,0
DA:42,0
DA:43,0
DA:45,0
DA:46,0
DA:48,0
DA:49,0
DA:55,0
DA:59,0
DA:61,0
LF:28
LH:0
BRDA:15,0,0,0
BRDA:15,0,1,0
BRDA:41,1,0,0
BRDA:41,1,1,0
BRDA:45,2,0,0
BRDA:45,2,1,0
BRF:6
BRH:0
end_of_record
TN:
SF:/home/vitor/github-pr-reports/src/reports/data/userTimeToReview.js
FN:6,getNewUser
FN:12,groupReviewsByAuthor
FN:13,(anonymous_2)
FN:14,(anonymous_3)
FN:31,calculateStatistics
FN:33,(anonymous_5)
FN:34,(anonymous_6)
FN:49,generate
FN:52,(anonymous_8)
FN:52,(anonymous_9)
FN:54,(anonymous_10)
FN:57,(anonymous_11)
FN:61,(anonymous_12)
FN:69,(anonymous_13)
FNF:14
FNH:0
FNDA:0,getNewUser
FNDA:0,groupReviewsByAuthor
FNDA:0,(anonymous_2)
FNDA:0,(anonymous_3)
FNDA:0,calculateStatistics
FNDA:0,(anonymous_5)
FNDA:0,(anonymous_6)
FNDA:0,generate
FNDA:0,(anonymous_8)
FNDA:0,(anonymous_9)
FNDA:0,(anonymous_10)
FNDA:0,(anonymous_11)
FNDA:0,(anonymous_12)
FNDA:0,(anonymous_13)
DA:2,0
DA:3,0
DA:4,0
DA:5,0
DA:7,0
DA:13,0
DA:14,0
DA:15,0
DA:16,0
DA:26,0
DA:28,0
DA:32,0
DA:33,0
DA:34,0
DA:35,0
DA:36,0
DA:37,0
DA:50,0
DA:51,0
DA:52,0
DA:53,0
DA:54,0
DA:58,0
DA:59,0
DA:61,0
DA:62,0
DA:63,0
DA:69,0
DA:73,0
DA:75,0
LF:30
LH:0
BRDA:15,0,0,0
BRDA:15,0,1,0
BRDA:33,1,0,0
BRDA:33,1,1,0
BRDA:52,2,0,0
BRDA:52,2,1,0
BRDA:58,3,0,0
BRDA:58,3,1,0
BRF:8
BRH:0
end_of_record
TN:
SF:/home/vitor/github-pr-reports/src/reports/display/helpers.js
FN:11,toString
FN:15,toDecimals
FN:16,(anonymous_2)
FN:19,toHours
FN:26,alignText
FN:32,format
FN:37,generateTableHeaders
FN:38,(anonymous_7)
FN:41,generateTableLine
FN:42,(anonymous_9)
FN:45,generateTableLines
FN:46,(anonymous_11)
FN:49,generateReportDivider
FN:53,generateSectionDivider
FNF:14
FNH:2
FNDA:0,toString
FNDA:0,toDecimals
FNDA:0,(anonymous_2)
FNDA:2,toHours
FNDA:3,alignText
FNDA:0,format
FNDA:0,generateTableHeaders
FNDA:0,(anonymous_7)
FNDA:0,generateTableLine
FNDA:0,(anonymous_9)
FNDA:0,generateTableLines
FNDA:0,(anonymous_11)
FNDA:0,generateReportDivider
FNDA:0,generateSectionDivider
DA:1,1
DA:2,1
DA:4,1
DA:6,1
DA:12,0
DA:16,0
DA:20,2
DA:27,3
DA:33,0
DA:34,0
DA:38,0
DA:42,0
DA:46,0
DA:50,0
DA:54,0
DA:57,1
LF:16
LH:7
BRDA:28,0,0,1
BRDA:28,0,1,2
BRDA:33,1,0,0
BRDA:33,1,1,0
BRF:4
BRH:2
end_of_record
TN:
SF:/home/vitor/github-pr-reports/src/reports/display/userCounts.js
FN:36,generate
FNF:1
FNH:0
FNDA:0,generate
DA:2,0
DA:3,0
DA:4,0
DA:5,0
DA:37,0
DA:56,0
LF:6
LH:0
BRF:0
BRH:0
end_of_record
TN:
SF:/home/vitor/github-pr-reports/src/reports/display/userReviewTimeBuckets.js
FN:5,generate
FN:17,(anonymous_1)
FN:24,(anonymous_2)
FNF:3
FNH:0
FNDA:0,generate
FNDA:0,(anonymous_1)
FNDA:0,(anonymous_2)
DA:2,0
DA:3,0
DA:4,0
DA:6,0
DA:16,0
DA:17,0
DA:18,0
DA:24,0
DA:29,0
DA:48,0
LF:10
LH:0
BRDA:16,0,0,0
BRDA:16,0,1,0
BRDA:16,1,0,0
BRDA:16,1,1,0
BRDA:19,2,0,0
BRDA:19,2,1,0
BRDA:19,2,2,0
BRDA:24,3,0,0
BRDA:24,3,1,0
BRDA:24,3,2,0
BRF:10
BRH:0
end_of_record
TN:
SF:/home/vitor/github-pr-reports/src/reports/display/userTimeToMerge.js
FN:50,generate
FNF:1
FNH:0
FNDA:0,generate
DA:2,0
DA:3,0
DA:4,0
DA:5,0
DA:51,0
DA:70,0
LF:6
LH:0
BRF:0
BRH:0
end_of_record
TN:
SF:/home/vitor/github-pr-reports/src/reports/display/userTimeToReview.js
FN:50,generate
FNF:1
FNH:0
FNDA:0,generate
DA:2,0
DA:3,0
DA:4,0
DA:5,0
DA:51,0
DA:70,0
LF:6
LH:0
BRF:0
BRH:0
end_of_record
TN:
SF:/home/vitor/github-pr-reports/src/types/AppLogger.ts
FNF:0
FNH:0
DA:2,0
LF:1
LH:0
BRF:0
BRH:0
end_of_record
TN:
SF:/home/vitor/github-pr-reports/src/types/GithubClient.ts
FNF:0
FNH:0
DA:2,0
LF:1
LH:0
BRF:0
BRH:0
end_of_record
TN:
SF:/home/vitor/github-pr-reports/src/types/PullRequest.ts
FNF:0
FNH:0
DA:2,0
LF:1
LH:0
BRF:0
BRH:0
end_of_record
TN:
SF:/home/vitor/github-pr-reports/src/types/PullRequestOptions.ts
FNF:0
FNH:0
DA:2,0
LF:1
LH:0
BRF:0
BRH:0
end_of_record
TN:
SF:/home/vitor/github-pr-reports/src/types/PullRequestReview.ts
FNF:0
FNH:0
DA:2,0
LF:1
LH:0
BRF:0
BRH:0
end_of_record
TN:
SF:/home/vitor/github-pr-reports/src/types/PullRequestsData.ts
FNF:0
FNH:0
DA:2,0
LF:1
LH:0
BRF:0
BRH:0
end_of_record
TN:
SF:/home/vitor/github-pr-reports/src/types/RepositoryDatePeriod.ts
FNF:0
FNH:0
DA:2,0
LF:1
LH:0
BRF:0
BRH:0
end_of_record
TN:
SF:/home/vitor/github-pr-reports/src/types/github/PullRequestReviewState.ts
FN:4,(anonymous_0)
FNF:1
FNH:0
FNDA:0,(anonymous_0)
DA:2,0
DA:4,0
DA:5,0
DA:6,0
DA:7,0
DA:8,0
DA:9,0
DA:11,0
LF:8
LH:0
BRDA:10,0,0,0
BRDA:10,0,1,0
BRF:2
BRH:0
end_of_record
TN:
SF:/home/vitor/github-pr-reports/src/types/github/PullRequestState.ts
FN:4,(anonymous_0)
FNF:1
FNH:0
FNDA:0,(anonymous_0)
DA:2,0
DA:4,0
DA:5,0
DA:6,0
DA:7,0
DA:9,0
LF:6
LH:0
BRDA:8,0,0,0
BRDA:8,0,1,0
BRF:2
BRH:0
end_of_record
TN:
SF:/home/vitor/github-pr-reports/src/types/github/PullRequestTimelineEventType.ts
FN:4,(anonymous_0)
FNF:1
FNH:0
FNDA:0,(anonymous_0)
DA:2,0
DA:4,0
DA:5,0
DA:6,0
DA:7,0
DA:9,0
LF:6
LH:0
BRDA:8,0,0,0
BRDA:8,0,1,0
BRF:2
BRH:0
end_of_record
